app/build/intermediates/manifest_merge_blame_file/release/processReleaseMainManifest/manifest-merger-blame-release-report.txt
1<?xml version="1.0" encoding="utf-8"?>
2<manifest xmlns:android="http://schemas.android.com/apk/res/android"
3    package="com.example.cleansmart"
4    android:versionCode="1"
5    android:versionName="1.0" >
6
7    <uses-sdk
8        android:minSdkVersion="24"
9        android:targetSdkVersion="34" />
10
11    <uses-permission android:name="android.permission.INTERNET" />
11-->src\main\AndroidManifest.xml:6:5-67
11-->src\main\AndroidManifest.xml:6:22-64
12    <uses-permission android:name="android.permission.ACCESS_NETWORK_STATE" />
12-->src\main\AndroidManifest.xml:7:5-79
12-->src\main\AndroidManifest.xml:7:22-76
13    <uses-permission android:name="android.permission.CAMERA" />
13-->src\main\AndroidManifest.xml:8:5-65
13-->src\main\AndroidManifest.xml:8:22-62
14
15    <uses-feature
15-->src\main\AndroidManifest.xml:9:5-85
16        android:name="android.hardware.camera"
16-->src\main\AndroidManifest.xml:9:19-57
17        android:required="false" />
17-->src\main\AndroidManifest.xml:9:58-82
18
19    <permission
19-->[androidx.core:core:1.12.0] AndroidManifest.xml:22:5-24:47
20        android:name="com.example.cleansmart.DYNAMIC_RECEIVER_NOT_EXPORTED_PERMISSION"
20-->[androidx.core:core:1.12.0] AndroidManifest.xml:23:9-81
21        android:protectionLevel="signature" />
21-->[androidx.core:core:1.12.0] AndroidManifest.xml:24:9-44
22
23    <uses-permission android:name="com.example.cleansmart.DYNAMIC_RECEIVER_NOT_EXPORTED_PERMISSION" />
23-->[androidx.core:core:1.12.0] AndroidManifest.xml:26:5-97
23-->[androidx.core:core:1.12.0] AndroidManifest.xml:26:22-94
24
25    <application
25-->src\main\AndroidManifest.xml:11:5-82:19
26        android:name="com.example.cleansmart.CleanSmartApplication"
26-->src\main\AndroidManifest.xml:12:9-46
27        android:allowBackup="true"
27-->src\main\AndroidManifest.xml:14:9-35
28        android:appComponentFactory="androidx.core.app.CoreComponentFactory"
28-->[androidx.core:core:1.12.0] AndroidManifest.xml:28:18-86
29        android:dataExtractionRules="@xml/data_extraction_rules"
29-->src\main\AndroidManifest.xml:15:9-65
30        android:extractNativeLibs="false"
31        android:fullBackupContent="@xml/backup_rules"
31-->src\main\AndroidManifest.xml:16:9-54
32        android:icon="@mipmap/ic_launcher"
32-->src\main\AndroidManifest.xml:17:9-43
33        android:label="@string/app_name"
33-->src\main\AndroidManifest.xml:18:9-41
34        android:networkSecurityConfig="@xml/network_security_config"
34-->src\main\AndroidManifest.xml:13:9-69
35        android:roundIcon="@mipmap/ic_launcher_round"
35-->src\main\AndroidManifest.xml:19:9-54
36        android:supportsRtl="true"
36-->src\main\AndroidManifest.xml:20:9-35
37        android:theme="@style/Theme.CleanSmart" >
37-->src\main\AndroidManifest.xml:21:9-48
38        <activity
38-->src\main\AndroidManifest.xml:23:9-26:55
39            android:name="com.example.cleansmart.SignUpActivity"
39-->src\main\AndroidManifest.xml:24:13-43
40            android:exported="false"
40-->src\main\AndroidManifest.xml:25:13-37
41            android:theme="@style/Theme.CleanSmart" />
41-->src\main\AndroidManifest.xml:26:13-52
42        <activity
42-->src\main\AndroidManifest.xml:28:9-30:40
43            android:name="com.example.cleansmart.ProfileUpdateSuccessActivity"
43-->src\main\AndroidManifest.xml:29:13-57
44            android:exported="false" />
44-->src\main\AndroidManifest.xml:30:13-37
45        <activity
45-->src\main\AndroidManifest.xml:31:9-33:40
46            android:name="com.example.cleansmart.activities.EditProfileActivity"
46-->src\main\AndroidManifest.xml:32:13-59
47            android:exported="false" />
47-->src\main\AndroidManifest.xml:33:13-37
48        <activity
48-->src\main\AndroidManifest.xml:34:9-36:40
49            android:name="com.example.cleansmart.activities.ProfileActivity"
49-->src\main\AndroidManifest.xml:35:13-55
50            android:exported="false" />
50-->src\main\AndroidManifest.xml:36:13-37
51        <activity
51-->src\main\AndroidManifest.xml:37:9-39:40
52            android:name="com.example.cleansmart.activities.ChangePasswordActivity"
52-->src\main\AndroidManifest.xml:38:13-62
53            android:exported="false" />
53-->src\main\AndroidManifest.xml:39:13-37
54        <activity
54-->src\main\AndroidManifest.xml:40:9-42:40
55            android:name="com.example.cleansmart.activities.CameraTaskActivity"
55-->src\main\AndroidManifest.xml:41:13-58
56            android:exported="false" />
56-->src\main\AndroidManifest.xml:42:13-37
57        <activity
57-->src\main\AndroidManifest.xml:43:9-45:40
58            android:name="com.example.cleansmart.LandingActivity"
58-->src\main\AndroidManifest.xml:44:13-44
59            android:exported="false" />
59-->src\main\AndroidManifest.xml:45:13-37
60        <activity
60-->src\main\AndroidManifest.xml:47:9-49:40
61            android:name="com.example.cleansmart.LoginConfirmation"
61-->src\main\AndroidManifest.xml:48:13-46
62            android:exported="false" />
62-->src\main\AndroidManifest.xml:49:13-37
63        <activity
63-->src\main\AndroidManifest.xml:50:9-52:40
64            android:name="com.example.cleansmart.AboutDevsActivity"
64-->src\main\AndroidManifest.xml:51:13-46
65            android:exported="false" />
65-->src\main\AndroidManifest.xml:52:13-37
66        <activity
66-->src\main\AndroidManifest.xml:53:9-55:40
67            android:name="com.example.cleansmart.SettingsActivity"
67-->src\main\AndroidManifest.xml:54:13-45
68            android:exported="false" />
68-->src\main\AndroidManifest.xml:55:13-37
69        <activity
69-->src\main\AndroidManifest.xml:56:9-58:40
70            android:name="com.example.cleansmart.ForgotPasswordActivity"
70-->src\main\AndroidManifest.xml:57:13-51
71            android:exported="false" />
71-->src\main\AndroidManifest.xml:58:13-37
72        <activity
72-->src\main\AndroidManifest.xml:59:9-62:45
73            android:name="com.example.cleansmart.ListViewDemoActivity"
73-->src\main\AndroidManifest.xml:60:13-49
74            android:exported="false"
74-->src\main\AndroidManifest.xml:61:13-37
75            android:label="ListView Demo" />
75-->src\main\AndroidManifest.xml:62:13-42
76        <activity
76-->src\main\AndroidManifest.xml:63:9-65:40
77            android:name="com.example.cleansmart.TasksActivity"
77-->src\main\AndroidManifest.xml:64:13-42
78            android:exported="false" />
78-->src\main\AndroidManifest.xml:65:13-37
79        <activity
79-->src\main\AndroidManifest.xml:66:9-80:20
80            android:name="com.example.cleansmart.SignInActivity"
80-->src\main\AndroidManifest.xml:67:13-43
81            android:exported="true"
81-->src\main\AndroidManifest.xml:68:13-36
82            android:theme="@style/Theme.CleanSmart" >
82-->src\main\AndroidManifest.xml:69:13-52
83            <intent-filter>
83-->src\main\AndroidManifest.xml:70:13-79:29
84                <action android:name="android.intent.action.MAIN" />
84-->src\main\AndroidManifest.xml:71:17-69
84-->src\main\AndroidManifest.xml:71:25-66
85
86                <category android:name="android.intent.category.LAUNCHER" />
86-->src\main\AndroidManifest.xml:72:17-77
86-->src\main\AndroidManifest.xml:72:27-74
87
88                <action android:name="android.intent.action.VIEW" />
88-->src\main\AndroidManifest.xml:73:17-69
88-->src\main\AndroidManifest.xml:73:25-66
89
90                <category android:name="android.intent.category.DEFAULT" />
90-->src\main\AndroidManifest.xml:74:17-76
90-->src\main\AndroidManifest.xml:74:27-73
91                <category android:name="android.intent.category.BROWSABLE" />
91-->src\main\AndroidManifest.xml:75:17-78
91-->src\main\AndroidManifest.xml:75:27-75
92
93                <data
93-->src\main\AndroidManifest.xml:76:17-78:44
94                    android:host="login"
94-->src\main\AndroidManifest.xml:78:21-41
95                    android:scheme="cleansmart" />
95-->src\main\AndroidManifest.xml:77:21-48
96            </intent-filter>
97        </activity>
98
99        <provider
99-->[androidx.emoji2:emoji2:1.2.0] AndroidManifest.xml:24:9-32:20
100            android:name="androidx.startup.InitializationProvider"
100-->[androidx.emoji2:emoji2:1.2.0] AndroidManifest.xml:25:13-67
101            android:authorities="com.example.cleansmart.androidx-startup"
101-->[androidx.emoji2:emoji2:1.2.0] AndroidManifest.xml:26:13-68
102            android:exported="false" >
102-->[androidx.emoji2:emoji2:1.2.0] AndroidManifest.xml:27:13-37
103            <meta-data
103-->[androidx.emoji2:emoji2:1.2.0] AndroidManifest.xml:29:13-31:52
104                android:name="androidx.emoji2.text.EmojiCompatInitializer"
104-->[androidx.emoji2:emoji2:1.2.0] AndroidManifest.xml:30:17-75
105                android:value="androidx.startup" />
105-->[androidx.emoji2:emoji2:1.2.0] AndroidManifest.xml:31:17-49
106            <meta-data
106-->[androidx.lifecycle:lifecycle-process:2.7.0] AndroidManifest.xml:29:13-31:52
107                android:name="androidx.lifecycle.ProcessLifecycleInitializer"
107-->[androidx.lifecycle:lifecycle-process:2.7.0] AndroidManifest.xml:30:17-78
108                android:value="androidx.startup" />
108-->[androidx.lifecycle:lifecycle-process:2.7.0] AndroidManifest.xml:31:17-49
109            <meta-data
109-->[androidx.profileinstaller:profileinstaller:1.3.0] AndroidManifest.xml:29:13-31:52
110                android:name="androidx.profileinstaller.ProfileInstallerInitializer"
110-->[androidx.profileinstaller:profileinstaller:1.3.0] AndroidManifest.xml:30:17-85
111                android:value="androidx.startup" />
111-->[androidx.profileinstaller:profileinstaller:1.3.0] AndroidManifest.xml:31:17-49
112        </provider>
113
114        <receiver
114-->[androidx.profileinstaller:profileinstaller:1.3.0] AndroidManifest.xml:34:9-52:20
115            android:name="androidx.profileinstaller.ProfileInstallReceiver"
115-->[androidx.profileinstaller:profileinstaller:1.3.0] AndroidManifest.xml:35:13-76
116            android:directBootAware="false"
116-->[androidx.profileinstaller:profileinstaller:1.3.0] AndroidManifest.xml:36:13-44
117            android:enabled="true"
117-->[androidx.profileinstaller:profileinstaller:1.3.0] AndroidManifest.xml:37:13-35
118            android:exported="true"
118-->[androidx.profileinstaller:profileinstaller:1.3.0] AndroidManifest.xml:38:13-36
119            android:permission="android.permission.DUMP" >
119-->[androidx.profileinstaller:profileinstaller:1.3.0] AndroidManifest.xml:39:13-57
120            <intent-filter>
120-->[androidx.profileinstaller:profileinstaller:1.3.0] AndroidManifest.xml:40:13-42:29
121                <action android:name="androidx.profileinstaller.action.INSTALL_PROFILE" />
121-->[androidx.profileinstaller:profileinstaller:1.3.0] AndroidManifest.xml:41:17-91
121-->[androidx.profileinstaller:profileinstaller:1.3.0] AndroidManifest.xml:41:25-88
122            </intent-filter>
123            <intent-filter>
123-->[androidx.profileinstaller:profileinstaller:1.3.0] AndroidManifest.xml:43:13-45:29
124                <action android:name="androidx.profileinstaller.action.SKIP_FILE" />
124-->[androidx.profileinstaller:profileinstaller:1.3.0] AndroidManifest.xml:44:17-85
124-->[androidx.profileinstaller:profileinstaller:1.3.0] AndroidManifest.xml:44:25-82
125            </intent-filter>
126            <intent-filter>
126-->[androidx.profileinstaller:profileinstaller:1.3.0] AndroidManifest.xml:46:13-48:29
127                <action android:name="androidx.profileinstaller.action.SAVE_PROFILE" />
127-->[androidx.profileinstaller:profileinstaller:1.3.0] AndroidManifest.xml:47:17-88
127-->[androidx.profileinstaller:profileinstaller:1.3.0] AndroidManifest.xml:47:25-85
128            </intent-filter>
129            <intent-filter>
129-->[androidx.profileinstaller:profileinstaller:1.3.0] AndroidManifest.xml:49:13-51:29
130                <action android:name="androidx.profileinstaller.action.BENCHMARK_OPERATION" />
130-->[androidx.profileinstaller:profileinstaller:1.3.0] AndroidManifest.xml:50:17-95
130-->[androidx.profileinstaller:profileinstaller:1.3.0] AndroidManifest.xml:50:25-92
131            </intent-filter>
132        </receiver>
133    </application>
134
135</manifest>